Сборка начата 07.10.2023 14:44:06.
Уровень детализации журнала: Normal.     1>Проект "E:\уник\ОАИП\Laba4new\12\4-2(12)\4-2(12)\4-2(12).vcxproj" в узле 2 (целевые объекты Build).
     1>InitializeBuildStatus:
         Создание "x64\Debug\4-2(12).tlog\unsuccessfulbuild", так как было задано "AlwaysCreate".
         Обращение к "x64\Debug\4-2(12).tlog\unsuccessfulbuild".
       ClCompile:
         C:\Program Files\Microsoft Visual Studio\2022\Community\VC\Tools\MSVC\14.37.32822\bin\HostX64\x64\CL.exe /c /ZI /JMC /nologo /W3 /WX- /diagnostics:column /sdl /Od /D _DEBUG /D _CONSOLE /D _UNICODE /D UNICODE /Gm- /EHsc /RTC1 /MDd /GS /fp:precise /Zc:wchar_t /Zc:forScope /Zc:inline /permissive- /Fo"x64\Debug\\" /Fd"x64\Debug\vc143.pdb" /external:W3 /Gd /TP /FC /errorReport:prompt "4-2(12).cpp"
         4-2(12).cpp
     1>E:\уник\ОАИП\Laba4new\12\4-2(12)\4-2(12)\4-2(12).cpp(5,13): warning C4326: возвращаемый тип "main" должен быть "int", а не "void"
     1>E:\уник\ОАИП\Laba4new\12\4-2(12)\4-2(12)\4-2(12).cpp(9,13): warning C4473: "scanf_s": передано недостаточно аргументов для строки формата
       E:\уник\ОАИП\Laba4new\12\4-2(12)\4-2(12)\4-2(12).cpp(9,13): message : заполнители и их параметры ожидают переменное число аргументов в количестве 2, но было предоставлено 1
       E:\уник\ОАИП\Laba4new\12\4-2(12)\4-2(12)\4-2(12).cpp(9,13): message : отсутствующий вариативный аргумент "2" требуется для строки форматирования "%c"
       E:\уник\ОАИП\Laba4new\12\4-2(12)\4-2(12)\4-2(12).cpp(9,13): message : этот аргумент используется в качестве размера буфера
       Link:
         C:\Program Files\Microsoft Visual Studio\2022\Community\VC\Tools\MSVC\14.37.32822\bin\HostX64\x64\link.exe /ERRORREPORT:PROMPT /OUT:"E:\уник\ОАИП\Laba4new\12\4-2(12)\x64\Debug\4-2(12).exe" /INCREMENTAL /ILK:"x64\Debug\4-2(12).ilk" /NOLOGO kernel32.lib user32.lib gdi32.lib winspool.lib comdlg32.lib advapi32.lib shell32.lib ole32.lib oleaut32.lib uuid.lib odbc32.lib odbccp32.lib /MANIFEST /MANIFESTUAC:"level='asInvoker' uiAccess='false'" /manifest:embed /DEBUG /PDB:"E:\уник\ОАИП\Laba4new\12\4-2(12)\x64\Debug\4-2(12).pdb" /SUBSYSTEM:CONSOLE /TLBID:1 /DYNAMICBASE /NXCOMPAT /IMPLIB:"E:\уник\ОАИП\Laba4new\12\4-2(12)\x64\Debug\4-2(12).lib" /MACHINE:X64 "x64\Debug\4-2(12).obj"
         4-2(12).vcxproj -> E:\уник\ОАИП\Laba4new\12\4-2(12)\x64\Debug\4-2(12).exe
       FinalizeBuildStatus:
         Файл "x64\Debug\4-2(12).tlog\unsuccessfulbuild" удаляется.
         Обращение к "x64\Debug\4-2(12).tlog\4-2(12).lastbuildstate".
     1>Сборка проекта "E:\уник\ОАИП\Laba4new\12\4-2(12)\4-2(12)\4-2(12).vcxproj" завершена (целевые объекты Build).

Сборка успешно завершена.

       "E:\уник\ОАИП\Laba4new\12\4-2(12)\4-2(12)\4-2(12).vcxproj" (целевой объект Build ) (1) ->
       (Целевой объект ClCompile) -> 
         E:\уник\ОАИП\Laba4new\12\4-2(12)\4-2(12)\4-2(12).cpp(5,13): warning C4326: возвращаемый тип "main" должен быть "int", а не "void"
         E:\уник\ОАИП\Laba4new\12\4-2(12)\4-2(12)\4-2(12).cpp(9,13): warning C4473: "scanf_s": передано недостаточно аргументов для строки формата

    Предупреждений: 2
    Ошибок: 0

Прошло времени 00:00:01.32
