Сборка начата 04.10.2023 15:37:43.
Уровень детализации журнала: Normal.     1>Проект "E:\уник\ОАИП\laba5\доп5\доп5\доп5.vcxproj" в узле 2 (целевые объекты Build).
     1>InitializeBuildStatus:
         Создание "x64\Debug\доп5.tlog\unsuccessfulbuild", так как было задано "AlwaysCreate".
         Обращение к "x64\Debug\доп5.tlog\unsuccessfulbuild".
       ClCompile:
         C:\Program Files\Microsoft Visual Studio\2022\Community\VC\Tools\MSVC\14.37.32822\bin\HostX64\x64\CL.exe /c /ZI /JMC /nologo /W3 /WX- /diagnostics:column /sdl /Od /D _DEBUG /D _CONSOLE /D _UNICODE /D UNICODE /Gm- /EHsc /RTC1 /MDd /GS /fp:precise /Zc:wchar_t /Zc:forScope /Zc:inline /permissive- /Fo"x64\Debug\\" /Fd"x64\Debug\vc143.pdb" /external:W3 /Gd /TP /FC /errorReport:prompt "доп5.cpp"
         доп5.cpp
     1>E:\уник\ОАИП\laba5\доп5\доп5\доп5.cpp(7,30): warning C4101: z: неиспользованная локальная переменная
     1>E:\уник\ОАИП\laba5\доп5\доп5\доп5.cpp(7,27): warning C4101: y: неиспользованная локальная переменная
       Link:
         C:\Program Files\Microsoft Visual Studio\2022\Community\VC\Tools\MSVC\14.37.32822\bin\HostX64\x64\link.exe /ERRORREPORT:PROMPT /OUT:"E:\уник\ОАИП\laba5\доп5\x64\Debug\доп5.exe" /INCREMENTAL /ILK:"x64\Debug\доп5.ilk" /NOLOGO kernel32.lib user32.lib gdi32.lib winspool.lib comdlg32.lib advapi32.lib shell32.lib ole32.lib oleaut32.lib uuid.lib odbc32.lib odbccp32.lib /MANIFEST /MANIFESTUAC:"level='asInvoker' uiAccess='false'" /manifest:embed /DEBUG /PDB:"E:\уник\ОАИП\laba5\доп5\x64\Debug\доп5.pdb" /SUBSYSTEM:CONSOLE /TLBID:1 /DYNAMICBASE /NXCOMPAT /IMPLIB:"E:\уник\ОАИП\laba5\доп5\x64\Debug\доп5.lib" /MACHINE:X64 "x64\Debug\доп5.obj"
         доп5.vcxproj -> E:\уник\ОАИП\laba5\доп5\x64\Debug\доп5.exe
       FinalizeBuildStatus:
         Файл "x64\Debug\доп5.tlog\unsuccessfulbuild" удаляется.
         Обращение к "x64\Debug\доп5.tlog\доп5.lastbuildstate".
     1>Сборка проекта "E:\уник\ОАИП\laba5\доп5\доп5\доп5.vcxproj" завершена (целевые объекты Build).

Сборка успешно завершена.

       "E:\уник\ОАИП\laba5\доп5\доп5\доп5.vcxproj" (целевой объект Build ) (1) ->
       (Целевой объект ClCompile) -> 
         E:\уник\ОАИП\laba5\доп5\доп5\доп5.cpp(7,30): warning C4101: z: неиспользованная локальная переменная
         E:\уник\ОАИП\laba5\доп5\доп5\доп5.cpp(7,27): warning C4101: y: неиспользованная локальная переменная

    Предупреждений: 2
    Ошибок: 0

Прошло времени 00:00:01.42
