Сборка начата 21.10.2023 15:13:03.
Уровень детализации журнала: Normal.     1>Проект "E:\уник\ОАИП\laba6\12\12-3\12-3\12-3.vcxproj" в узле 2 (целевые объекты Build).
     1>InitializeBuildStatus:
         Создание "x64\Debug\12-3.tlog\unsuccessfulbuild", так как было задано "AlwaysCreate".
         Обращение к "x64\Debug\12-3.tlog\unsuccessfulbuild".
       ClCompile:
         C:\Program Files\Microsoft Visual Studio\2022\Community\VC\Tools\MSVC\14.37.32822\bin\HostX64\x64\CL.exe /c /ZI /JMC /nologo /W3 /WX- /diagnostics:column /sdl /Od /D _DEBUG /D _CONSOLE /D _UNICODE /D UNICODE /Gm- /EHsc /RTC1 /MDd /GS /fp:precise /Zc:wchar_t /Zc:forScope /Zc:inline /permissive- /Fo"x64\Debug\\" /Fd"x64\Debug\vc143.pdb" /external:W3 /Gd /TP /FC /errorReport:prompt "12-3.cpp"
         12-3.cpp
     1>E:\уник\ОАИП\laba6\12\12-3\12-3\12-3.cpp(6,1): warning C4326: возвращаемый тип "main" должен быть "int", а не "void"
     1>E:\уник\ОАИП\laba6\12\12-3\12-3\12-3.cpp(7,35): warning C4305: инициализация: усечение из "double" в "float"
     1>E:\уник\ОАИП\laba6\12\12-3\12-3\12-3.cpp(7,44): warning C4305: инициализация: усечение из "double" в "float"
     1>E:\уник\ОАИП\laba6\12\12-3\12-3\12-3.cpp(9,28): warning C4244: =: преобразование "double" в "float", возможна потеря данных
       Link:
         C:\Program Files\Microsoft Visual Studio\2022\Community\VC\Tools\MSVC\14.37.32822\bin\HostX64\x64\link.exe /ERRORREPORT:PROMPT /OUT:"E:\уник\ОАИП\laba6\12\12-3\x64\Debug\12-3.exe" /INCREMENTAL /ILK:"x64\Debug\12-3.ilk" /NOLOGO kernel32.lib user32.lib gdi32.lib winspool.lib comdlg32.lib advapi32.lib shell32.lib ole32.lib oleaut32.lib uuid.lib odbc32.lib odbccp32.lib /MANIFEST /MANIFESTUAC:"level='asInvoker' uiAccess='false'" /manifest:embed /DEBUG /PDB:"E:\уник\ОАИП\laba6\12\12-3\x64\Debug\12-3.pdb" /SUBSYSTEM:CONSOLE /TLBID:1 /DYNAMICBASE /NXCOMPAT /IMPLIB:"E:\уник\ОАИП\laba6\12\12-3\x64\Debug\12-3.lib" /MACHINE:X64 "x64\Debug\12-3.obj"
         12-3.vcxproj -> E:\уник\ОАИП\laba6\12\12-3\x64\Debug\12-3.exe
       TlogCleanup:
         Следующие элементы будут удалены из tlogs, так как они были удалены из проекта или сборки: E:\уник\ОАИП\laba6\12-3\12-3\12-3.cpp.
       FinalizeBuildStatus:
         Файл "x64\Debug\12-3.tlog\unsuccessfulbuild" удаляется.
         Обращение к "x64\Debug\12-3.tlog\12-3.lastbuildstate".
     1>Сборка проекта "E:\уник\ОАИП\laba6\12\12-3\12-3\12-3.vcxproj" завершена (целевые объекты Build).

Сборка успешно завершена.

       "E:\уник\ОАИП\laba6\12\12-3\12-3\12-3.vcxproj" (целевой объект Build ) (1) ->
       (Целевой объект ClCompile) -> 
         E:\уник\ОАИП\laba6\12\12-3\12-3\12-3.cpp(6,1): warning C4326: возвращаемый тип "main" должен быть "int", а не "void"
         E:\уник\ОАИП\laba6\12\12-3\12-3\12-3.cpp(7,35): warning C4305: инициализация: усечение из "double" в "float"
         E:\уник\ОАИП\laba6\12\12-3\12-3\12-3.cpp(7,44): warning C4305: инициализация: усечение из "double" в "float"
         E:\уник\ОАИП\laba6\12\12-3\12-3\12-3.cpp(9,28): warning C4244: =: преобразование "double" в "float", возможна потеря данных

    Предупреждений: 4
    Ошибок: 0

Прошло времени 00:00:00.75
